<?xml version="1.0" encoding="UTF-8"?>
<!-- Generated by org.testng.reporters.JUnitReportReporter -->
<testsuite hostname="HP" failures="0" tests="1" name="com.PuthuMavan.test.Test_class" time="69.566" errors="0" timestamp="2022-11-16T18:40:31 GMT+13:00" skipped="0">
  <testcase classname="com.PuthuMavan.test.Test_class" name="launch_" time="69.566"/>
  <system-out/>
</testsuite> <!-- com.PuthuMavan.test.Test_class -->
